current directory: /home/runner/lucknowaigithubio/.bundle/ruby/3.2.0/gems/io-event-1.5.1/ext
/nix/store/p19biyk23slgqhqmfl7h7cc4c1rnl3ri-ruby-3.2.2/bin/ruby extconf.rb
checking for rb_ext_ractor_safe()... yes
checking for &rb_fiber_transfer()... yes
checking for -luring... no
checking for sys/epoll.h... yes
checking for sys/event.h... no
checking for sys/eventfd.h... yes
checking for rb_io_descriptor()... yes
checking for &rb_process_status_wait()... no
checking for rb_fiber_current()... yes
checking for &rb_fiber_raise()... yes
checking for epoll_pwait2()... yes
checking for ruby/io/buffer.h... yes
creating extconf.h
creating Makefile

current directory: /home/runner/lucknowaigithubio/.bundle/ruby/3.2.0/gems/io-event-1.5.1/ext
make DESTDIR\= sitearchdir\=./.gem.20240912-903-9t5ali sitelibdir\=./.gem.20240912-903-9t5ali clean

current directory: /home/runner/lucknowaigithubio/.bundle/ruby/3.2.0/gems/io-event-1.5.1/ext
make DESTDIR\= sitearchdir\=./.gem.20240912-903-9t5ali sitelibdir\=./.gem.20240912-903-9t5ali
compiling ./io/event/event.c
compiling ./io/event/selector/selector.c
compiling ./io/event/selector/epoll.c
compiling ./io/event/interrupt.c
linking shared-object IO_Event.so

current directory: /home/runner/lucknowaigithubio/.bundle/ruby/3.2.0/gems/io-event-1.5.1/ext
make DESTDIR\= sitearchdir\=./.gem.20240912-903-9t5ali sitelibdir\=./.gem.20240912-903-9t5ali install
install -c -p -m 755 IO_Event.so ./.gem.20240912-903-9t5ali

current directory: /home/runner/lucknowaigithubio/.bundle/ruby/3.2.0/gems/io-event-1.5.1/ext
make DESTDIR\= sitearchdir\=./.gem.20240912-903-9t5ali sitelibdir\=./.gem.20240912-903-9t5ali clean
