have_func: checking for rb_ext_ractor_safe()... -------------------- yes

LD_LIBRARY_PATH=.:/nix/store/p19biyk23slgqhqmfl7h7cc4c1rnl3ri-ruby-3.2.2/lib "gcc -o conftest -I/nix/store/p19biyk23slgqhqmfl7h7cc4c1rnl3ri-ruby-3.2.2/include/ruby-3.2.0/x86_64-linux -I/nix/store/p19biyk23slgqhqmfl7h7cc4c1rnl3ri-ruby-3.2.2/include/ruby-3.2.0/ruby/backward -I/nix/store/p19biyk23slgqhqmfl7h7cc4c1rnl3ri-ruby-3.2.2/include/ruby-3.2.0 -I.    -O3 -fPIC -Wall -Wno-unknown-pragmas -std=c99 conftest.c  -L. -L/nix/store/p19biyk23slgqhqmfl7h7cc4c1rnl3ri-ruby-3.2.2/lib -Wl,-rpath,/nix/store/p19biyk23slgqhqmfl7h7cc4c1rnl3ri-ruby-3.2.2/lib -L. -fstack-protector-strong -rdynamic -Wl,-export-dynamic -Wl,--no-as-needed     -Wl,-rpath,/nix/store/p19biyk23slgqhqmfl7h7cc4c1rnl3ri-ruby-3.2.2/lib -L/nix/store/p19biyk23slgqhqmfl7h7cc4c1rnl3ri-ruby-3.2.2/lib -lruby-3.2.2  -lm -lpthread  -lc"
checked program was:
/* begin */
1: #include "ruby.h"
2: 
3: int main(int argc, char **argv)
4: {
5:   return !!argv[argc];
6: }
/* end */

LD_LIBRARY_PATH=.:/nix/store/p19biyk23slgqhqmfl7h7cc4c1rnl3ri-ruby-3.2.2/lib "gcc -o conftest -I/nix/store/p19biyk23slgqhqmfl7h7cc4c1rnl3ri-ruby-3.2.2/include/ruby-3.2.0/x86_64-linux -I/nix/store/p19biyk23slgqhqmfl7h7cc4c1rnl3ri-ruby-3.2.2/include/ruby-3.2.0/ruby/backward -I/nix/store/p19biyk23slgqhqmfl7h7cc4c1rnl3ri-ruby-3.2.2/include/ruby-3.2.0 -I.    -O3 -fPIC -Wall -Wno-unknown-pragmas -std=c99 conftest.c  -L. -L/nix/store/p19biyk23slgqhqmfl7h7cc4c1rnl3ri-ruby-3.2.2/lib -Wl,-rpath,/nix/store/p19biyk23slgqhqmfl7h7cc4c1rnl3ri-ruby-3.2.2/lib -L. -fstack-protector-strong -rdynamic -Wl,-export-dynamic -Wl,--no-as-needed     -Wl,-rpath,/nix/store/p19biyk23slgqhqmfl7h7cc4c1rnl3ri-ruby-3.2.2/lib -L/nix/store/p19biyk23slgqhqmfl7h7cc4c1rnl3ri-ruby-3.2.2/lib -lruby-3.2.2  -lm -lpthread  -lc"
checked program was:
/* begin */
 1: #include "ruby.h"
 2: 
 3: /*top*/
 4: extern int t(void);
 5: int main(int argc, char **argv)
 6: {
 7:   if (argc > 1000000) {
 8:     int (* volatile tp)(void)=(int (*)(void))&t;
 9:     printf("%d", (*tp)());
10:   }
11: 
12:   return !!argv[argc];
13: }
14: int t(void) { void ((*volatile p)()); p = (void ((*)()))rb_ext_ractor_safe; return !p; }
/* end */

--------------------

have_func: checking for &rb_fiber_transfer()... -------------------- yes

LD_LIBRARY_PATH=.:/nix/store/p19biyk23slgqhqmfl7h7cc4c1rnl3ri-ruby-3.2.2/lib "gcc -o conftest -I/nix/store/p19biyk23slgqhqmfl7h7cc4c1rnl3ri-ruby-3.2.2/include/ruby-3.2.0/x86_64-linux -I/nix/store/p19biyk23slgqhqmfl7h7cc4c1rnl3ri-ruby-3.2.2/include/ruby-3.2.0/ruby/backward -I/nix/store/p19biyk23slgqhqmfl7h7cc4c1rnl3ri-ruby-3.2.2/include/ruby-3.2.0 -I.    -O3 -fPIC -Wall -Wno-unknown-pragmas -std=c99 conftest.c  -L. -L/nix/store/p19biyk23slgqhqmfl7h7cc4c1rnl3ri-ruby-3.2.2/lib -Wl,-rpath,/nix/store/p19biyk23slgqhqmfl7h7cc4c1rnl3ri-ruby-3.2.2/lib -L. -fstack-protector-strong -rdynamic -Wl,-export-dynamic -Wl,--no-as-needed     -Wl,-rpath,/nix/store/p19biyk23slgqhqmfl7h7cc4c1rnl3ri-ruby-3.2.2/lib -L/nix/store/p19biyk23slgqhqmfl7h7cc4c1rnl3ri-ruby-3.2.2/lib -lruby-3.2.2  -lm -lpthread  -lc"
checked program was:
/* begin */
 1: #include "ruby.h"
 2: 
 3: /*top*/
 4: extern int t(void);
 5: int main(int argc, char **argv)
 6: {
 7:   if (argc > 1000000) {
 8:     int (* volatile tp)(void)=(int (*)(void))&t;
 9:     printf("%d", (*tp)());
10:   }
11: 
12:   return !!argv[argc];
13: }
14: int t(void) { const volatile void *volatile p; p = (const volatile void *)&rb_fiber_transfer; return !p; }
/* end */

--------------------

have_library: checking for -luring... -------------------- no

LD_LIBRARY_PATH=.:/nix/store/p19biyk23slgqhqmfl7h7cc4c1rnl3ri-ruby-3.2.2/lib "gcc -o conftest -I/nix/store/p19biyk23slgqhqmfl7h7cc4c1rnl3ri-ruby-3.2.2/include/ruby-3.2.0/x86_64-linux -I/nix/store/p19biyk23slgqhqmfl7h7cc4c1rnl3ri-ruby-3.2.2/include/ruby-3.2.0/ruby/backward -I/nix/store/p19biyk23slgqhqmfl7h7cc4c1rnl3ri-ruby-3.2.2/include/ruby-3.2.0 -I.    -O3 -fPIC -Wall -Wno-unknown-pragmas -std=c99 conftest.c  -L. -L/nix/store/p19biyk23slgqhqmfl7h7cc4c1rnl3ri-ruby-3.2.2/lib -Wl,-rpath,/nix/store/p19biyk23slgqhqmfl7h7cc4c1rnl3ri-ruby-3.2.2/lib -L. -fstack-protector-strong -rdynamic -Wl,-export-dynamic -Wl,--no-as-needed     -Wl,-rpath,/nix/store/p19biyk23slgqhqmfl7h7cc4c1rnl3ri-ruby-3.2.2/lib -L/nix/store/p19biyk23slgqhqmfl7h7cc4c1rnl3ri-ruby-3.2.2/lib -lruby-3.2.2 -luring  -lm -lpthread  -lc"
/nix/store/p58l5qmzifl20qmjs3xfpl01f0mqlza2-binutils-2.40/bin/ld: cannot find -luring: No such file or directory
collect2: error: ld returned 1 exit status
checked program was:
/* begin */
 1: #include "ruby.h"
 2: 
 3: /*top*/
 4: extern int t(void);
 5: int main(int argc, char **argv)
 6: {
 7:   if (argc > 1000000) {
 8:     int (* volatile tp)(void)=(int (*)(void))&t;
 9:     printf("%d", (*tp)());
10:   }
11: 
12:   return !!argv[argc];
13: }
14: 
15: int t(void) { ; return 0; }
/* end */

--------------------

have_header: checking for sys/epoll.h... -------------------- yes

LD_LIBRARY_PATH=.:/nix/store/p19biyk23slgqhqmfl7h7cc4c1rnl3ri-ruby-3.2.2/lib "gcc -I/nix/store/p19biyk23slgqhqmfl7h7cc4c1rnl3ri-ruby-3.2.2/include/ruby-3.2.0/x86_64-linux -I/nix/store/p19biyk23slgqhqmfl7h7cc4c1rnl3ri-ruby-3.2.2/include/ruby-3.2.0/ruby/backward -I/nix/store/p19biyk23slgqhqmfl7h7cc4c1rnl3ri-ruby-3.2.2/include/ruby-3.2.0 -I.    -O3 -fPIC -Wall -Wno-unknown-pragmas -std=c99   -c conftest.c"
checked program was:
/* begin */
1: #include "ruby.h"
2: 
3: #include <sys/epoll.h>
/* end */

--------------------

have_header: checking for sys/event.h... -------------------- no

LD_LIBRARY_PATH=.:/nix/store/p19biyk23slgqhqmfl7h7cc4c1rnl3ri-ruby-3.2.2/lib "gcc -I/nix/store/p19biyk23slgqhqmfl7h7cc4c1rnl3ri-ruby-3.2.2/include/ruby-3.2.0/x86_64-linux -I/nix/store/p19biyk23slgqhqmfl7h7cc4c1rnl3ri-ruby-3.2.2/include/ruby-3.2.0/ruby/backward -I/nix/store/p19biyk23slgqhqmfl7h7cc4c1rnl3ri-ruby-3.2.2/include/ruby-3.2.0 -I.    -O3 -fPIC -Wall -Wno-unknown-pragmas -std=c99   -c conftest.c"
conftest.c:3:10: fatal error: sys/event.h: No such file or directory
    3 | #include <sys/event.h>
      |          ^~~~~~~~~~~~~
compilation terminated.
checked program was:
/* begin */
1: #include "ruby.h"
2: 
3: #include <sys/event.h>
/* end */

--------------------

have_header: checking for sys/eventfd.h... -------------------- yes

LD_LIBRARY_PATH=.:/nix/store/p19biyk23slgqhqmfl7h7cc4c1rnl3ri-ruby-3.2.2/lib "gcc -I/nix/store/p19biyk23slgqhqmfl7h7cc4c1rnl3ri-ruby-3.2.2/include/ruby-3.2.0/x86_64-linux -I/nix/store/p19biyk23slgqhqmfl7h7cc4c1rnl3ri-ruby-3.2.2/include/ruby-3.2.0/ruby/backward -I/nix/store/p19biyk23slgqhqmfl7h7cc4c1rnl3ri-ruby-3.2.2/include/ruby-3.2.0 -I.    -O3 -fPIC -Wall -Wno-unknown-pragmas -std=c99   -c conftest.c"
checked program was:
/* begin */
1: #include "ruby.h"
2: 
3: #include <sys/eventfd.h>
/* end */

--------------------

have_func: checking for rb_io_descriptor()... -------------------- yes

LD_LIBRARY_PATH=.:/nix/store/p19biyk23slgqhqmfl7h7cc4c1rnl3ri-ruby-3.2.2/lib "gcc -o conftest -I/nix/store/p19biyk23slgqhqmfl7h7cc4c1rnl3ri-ruby-3.2.2/include/ruby-3.2.0/x86_64-linux -I/nix/store/p19biyk23slgqhqmfl7h7cc4c1rnl3ri-ruby-3.2.2/include/ruby-3.2.0/ruby/backward -I/nix/store/p19biyk23slgqhqmfl7h7cc4c1rnl3ri-ruby-3.2.2/include/ruby-3.2.0 -I.    -O3 -fPIC -Wall -Wno-unknown-pragmas -std=c99 conftest.c  -L. -L/nix/store/p19biyk23slgqhqmfl7h7cc4c1rnl3ri-ruby-3.2.2/lib -Wl,-rpath,/nix/store/p19biyk23slgqhqmfl7h7cc4c1rnl3ri-ruby-3.2.2/lib -L. -fstack-protector-strong -rdynamic -Wl,-export-dynamic -Wl,--no-as-needed     -Wl,-rpath,/nix/store/p19biyk23slgqhqmfl7h7cc4c1rnl3ri-ruby-3.2.2/lib -L/nix/store/p19biyk23slgqhqmfl7h7cc4c1rnl3ri-ruby-3.2.2/lib -lruby-3.2.2  -lm -lpthread  -lc"
conftest.c: In function ‘t’:
conftest.c:14:57: error: ‘rb_io_descriptor’ undeclared (first use in this function)
   14 | int t(void) { void ((*volatile p)()); p = (void ((*)()))rb_io_descriptor; return !p; }
      |                                                         ^~~~~~~~~~~~~~~~
conftest.c:14:57: note: each undeclared identifier is reported only once for each function it appears in
checked program was:
/* begin */
 1: #include "ruby.h"
 2: 
 3: /*top*/
 4: extern int t(void);
 5: int main(int argc, char **argv)
 6: {
 7:   if (argc > 1000000) {
 8:     int (* volatile tp)(void)=(int (*)(void))&t;
 9:     printf("%d", (*tp)());
10:   }
11: 
12:   return !!argv[argc];
13: }
14: int t(void) { void ((*volatile p)()); p = (void ((*)()))rb_io_descriptor; return !p; }
/* end */

LD_LIBRARY_PATH=.:/nix/store/p19biyk23slgqhqmfl7h7cc4c1rnl3ri-ruby-3.2.2/lib "gcc -o conftest -I/nix/store/p19biyk23slgqhqmfl7h7cc4c1rnl3ri-ruby-3.2.2/include/ruby-3.2.0/x86_64-linux -I/nix/store/p19biyk23slgqhqmfl7h7cc4c1rnl3ri-ruby-3.2.2/include/ruby-3.2.0/ruby/backward -I/nix/store/p19biyk23slgqhqmfl7h7cc4c1rnl3ri-ruby-3.2.2/include/ruby-3.2.0 -I.    -O3 -fPIC -Wall -Wno-unknown-pragmas -std=c99 conftest.c  -L. -L/nix/store/p19biyk23slgqhqmfl7h7cc4c1rnl3ri-ruby-3.2.2/lib -Wl,-rpath,/nix/store/p19biyk23slgqhqmfl7h7cc4c1rnl3ri-ruby-3.2.2/lib -L. -fstack-protector-strong -rdynamic -Wl,-export-dynamic -Wl,--no-as-needed     -Wl,-rpath,/nix/store/p19biyk23slgqhqmfl7h7cc4c1rnl3ri-ruby-3.2.2/lib -L/nix/store/p19biyk23slgqhqmfl7h7cc4c1rnl3ri-ruby-3.2.2/lib -lruby-3.2.2  -lm -lpthread  -lc"
checked program was:
/* begin */
 1: #include "ruby.h"
 2: 
 3: /*top*/
 4: extern int t(void);
 5: int main(int argc, char **argv)
 6: {
 7:   if (argc > 1000000) {
 8:     int (* volatile tp)(void)=(int (*)(void))&t;
 9:     printf("%d", (*tp)());
10:   }
11: 
12:   return !!argv[argc];
13: }
14: extern void rb_io_descriptor();
15: int t(void) { rb_io_descriptor(); return 0; }
/* end */

--------------------

have_func: checking for &rb_process_status_wait()... -------------------- no

LD_LIBRARY_PATH=.:/nix/store/p19biyk23slgqhqmfl7h7cc4c1rnl3ri-ruby-3.2.2/lib "gcc -o conftest -I/nix/store/p19biyk23slgqhqmfl7h7cc4c1rnl3ri-ruby-3.2.2/include/ruby-3.2.0/x86_64-linux -I/nix/store/p19biyk23slgqhqmfl7h7cc4c1rnl3ri-ruby-3.2.2/include/ruby-3.2.0/ruby/backward -I/nix/store/p19biyk23slgqhqmfl7h7cc4c1rnl3ri-ruby-3.2.2/include/ruby-3.2.0 -I.    -O3 -fPIC -Wall -Wno-unknown-pragmas -std=c99 conftest.c  -L. -L/nix/store/p19biyk23slgqhqmfl7h7cc4c1rnl3ri-ruby-3.2.2/lib -Wl,-rpath,/nix/store/p19biyk23slgqhqmfl7h7cc4c1rnl3ri-ruby-3.2.2/lib -L. -fstack-protector-strong -rdynamic -Wl,-export-dynamic -Wl,--no-as-needed     -Wl,-rpath,/nix/store/p19biyk23slgqhqmfl7h7cc4c1rnl3ri-ruby-3.2.2/lib -L/nix/store/p19biyk23slgqhqmfl7h7cc4c1rnl3ri-ruby-3.2.2/lib -lruby-3.2.2  -lm -lpthread  -lc"
conftest.c: In function ‘t’:
conftest.c:14:76: error: ‘rb_process_status_wait’ undeclared (first use in this function)
   14 | int t(void) { const volatile void *volatile p; p = (const volatile void *)&rb_process_status_wait; return !p; }
      |                                                                            ^~~~~~~~~~~~~~~~~~~~~~
conftest.c:14:76: note: each undeclared identifier is reported only once for each function it appears in
checked program was:
/* begin */
 1: #include "ruby.h"
 2: 
 3: /*top*/
 4: extern int t(void);
 5: int main(int argc, char **argv)
 6: {
 7:   if (argc > 1000000) {
 8:     int (* volatile tp)(void)=(int (*)(void))&t;
 9:     printf("%d", (*tp)());
10:   }
11: 
12:   return !!argv[argc];
13: }
14: int t(void) { const volatile void *volatile p; p = (const volatile void *)&rb_process_status_wait; return !p; }
/* end */

--------------------

have_func: checking for rb_fiber_current()... -------------------- yes

LD_LIBRARY_PATH=.:/nix/store/p19biyk23slgqhqmfl7h7cc4c1rnl3ri-ruby-3.2.2/lib "gcc -o conftest -I/nix/store/p19biyk23slgqhqmfl7h7cc4c1rnl3ri-ruby-3.2.2/include/ruby-3.2.0/x86_64-linux -I/nix/store/p19biyk23slgqhqmfl7h7cc4c1rnl3ri-ruby-3.2.2/include/ruby-3.2.0/ruby/backward -I/nix/store/p19biyk23slgqhqmfl7h7cc4c1rnl3ri-ruby-3.2.2/include/ruby-3.2.0 -I.    -O3 -fPIC -Wall -Wno-unknown-pragmas -std=c99 conftest.c  -L. -L/nix/store/p19biyk23slgqhqmfl7h7cc4c1rnl3ri-ruby-3.2.2/lib -Wl,-rpath,/nix/store/p19biyk23slgqhqmfl7h7cc4c1rnl3ri-ruby-3.2.2/lib -L. -fstack-protector-strong -rdynamic -Wl,-export-dynamic -Wl,--no-as-needed     -Wl,-rpath,/nix/store/p19biyk23slgqhqmfl7h7cc4c1rnl3ri-ruby-3.2.2/lib -L/nix/store/p19biyk23slgqhqmfl7h7cc4c1rnl3ri-ruby-3.2.2/lib -lruby-3.2.2  -lm -lpthread  -lc"
checked program was:
/* begin */
 1: #include "ruby.h"
 2: 
 3: /*top*/
 4: extern int t(void);
 5: int main(int argc, char **argv)
 6: {
 7:   if (argc > 1000000) {
 8:     int (* volatile tp)(void)=(int (*)(void))&t;
 9:     printf("%d", (*tp)());
10:   }
11: 
12:   return !!argv[argc];
13: }
14: int t(void) { void ((*volatile p)()); p = (void ((*)()))rb_fiber_current; return !p; }
/* end */

--------------------

have_func: checking for &rb_fiber_raise()... -------------------- yes

LD_LIBRARY_PATH=.:/nix/store/p19biyk23slgqhqmfl7h7cc4c1rnl3ri-ruby-3.2.2/lib "gcc -o conftest -I/nix/store/p19biyk23slgqhqmfl7h7cc4c1rnl3ri-ruby-3.2.2/include/ruby-3.2.0/x86_64-linux -I/nix/store/p19biyk23slgqhqmfl7h7cc4c1rnl3ri-ruby-3.2.2/include/ruby-3.2.0/ruby/backward -I/nix/store/p19biyk23slgqhqmfl7h7cc4c1rnl3ri-ruby-3.2.2/include/ruby-3.2.0 -I.    -O3 -fPIC -Wall -Wno-unknown-pragmas -std=c99 conftest.c  -L. -L/nix/store/p19biyk23slgqhqmfl7h7cc4c1rnl3ri-ruby-3.2.2/lib -Wl,-rpath,/nix/store/p19biyk23slgqhqmfl7h7cc4c1rnl3ri-ruby-3.2.2/lib -L. -fstack-protector-strong -rdynamic -Wl,-export-dynamic -Wl,--no-as-needed     -Wl,-rpath,/nix/store/p19biyk23slgqhqmfl7h7cc4c1rnl3ri-ruby-3.2.2/lib -L/nix/store/p19biyk23slgqhqmfl7h7cc4c1rnl3ri-ruby-3.2.2/lib -lruby-3.2.2  -lm -lpthread  -lc"
checked program was:
/* begin */
 1: #include "ruby.h"
 2: 
 3: /*top*/
 4: extern int t(void);
 5: int main(int argc, char **argv)
 6: {
 7:   if (argc > 1000000) {
 8:     int (* volatile tp)(void)=(int (*)(void))&t;
 9:     printf("%d", (*tp)());
10:   }
11: 
12:   return !!argv[argc];
13: }
14: int t(void) { const volatile void *volatile p; p = (const volatile void *)&rb_fiber_raise; return !p; }
/* end */

--------------------

have_func: checking for epoll_pwait2()... -------------------- yes

LD_LIBRARY_PATH=.:/nix/store/p19biyk23slgqhqmfl7h7cc4c1rnl3ri-ruby-3.2.2/lib "gcc -o conftest -I/nix/store/p19biyk23slgqhqmfl7h7cc4c1rnl3ri-ruby-3.2.2/include/ruby-3.2.0/x86_64-linux -I/nix/store/p19biyk23slgqhqmfl7h7cc4c1rnl3ri-ruby-3.2.2/include/ruby-3.2.0/ruby/backward -I/nix/store/p19biyk23slgqhqmfl7h7cc4c1rnl3ri-ruby-3.2.2/include/ruby-3.2.0 -I.    -O3 -fPIC -Wall -Wno-unknown-pragmas -std=c99 conftest.c  -L. -L/nix/store/p19biyk23slgqhqmfl7h7cc4c1rnl3ri-ruby-3.2.2/lib -Wl,-rpath,/nix/store/p19biyk23slgqhqmfl7h7cc4c1rnl3ri-ruby-3.2.2/lib -L. -fstack-protector-strong -rdynamic -Wl,-export-dynamic -Wl,--no-as-needed     -Wl,-rpath,/nix/store/p19biyk23slgqhqmfl7h7cc4c1rnl3ri-ruby-3.2.2/lib -L/nix/store/p19biyk23slgqhqmfl7h7cc4c1rnl3ri-ruby-3.2.2/lib -lruby-3.2.2  -lm -lpthread  -lc"
conftest.c: In function ‘t’:
conftest.c:14:57: error: ‘epoll_pwait2’ undeclared (first use in this function)
   14 | int t(void) { void ((*volatile p)()); p = (void ((*)()))epoll_pwait2; return !p; }
      |                                                         ^~~~~~~~~~~~
conftest.c:14:57: note: each undeclared identifier is reported only once for each function it appears in
checked program was:
/* begin */
 1: #include "ruby.h"
 2: 
 3: /*top*/
 4: extern int t(void);
 5: int main(int argc, char **argv)
 6: {
 7:   if (argc > 1000000) {
 8:     int (* volatile tp)(void)=(int (*)(void))&t;
 9:     printf("%d", (*tp)());
10:   }
11: 
12:   return !!argv[argc];
13: }
14: int t(void) { void ((*volatile p)()); p = (void ((*)()))epoll_pwait2; return !p; }
/* end */

LD_LIBRARY_PATH=.:/nix/store/p19biyk23slgqhqmfl7h7cc4c1rnl3ri-ruby-3.2.2/lib "gcc -o conftest -I/nix/store/p19biyk23slgqhqmfl7h7cc4c1rnl3ri-ruby-3.2.2/include/ruby-3.2.0/x86_64-linux -I/nix/store/p19biyk23slgqhqmfl7h7cc4c1rnl3ri-ruby-3.2.2/include/ruby-3.2.0/ruby/backward -I/nix/store/p19biyk23slgqhqmfl7h7cc4c1rnl3ri-ruby-3.2.2/include/ruby-3.2.0 -I.    -O3 -fPIC -Wall -Wno-unknown-pragmas -std=c99 conftest.c  -L. -L/nix/store/p19biyk23slgqhqmfl7h7cc4c1rnl3ri-ruby-3.2.2/lib -Wl,-rpath,/nix/store/p19biyk23slgqhqmfl7h7cc4c1rnl3ri-ruby-3.2.2/lib -L. -fstack-protector-strong -rdynamic -Wl,-export-dynamic -Wl,--no-as-needed     -Wl,-rpath,/nix/store/p19biyk23slgqhqmfl7h7cc4c1rnl3ri-ruby-3.2.2/lib -L/nix/store/p19biyk23slgqhqmfl7h7cc4c1rnl3ri-ruby-3.2.2/lib -lruby-3.2.2  -lm -lpthread  -lc"
checked program was:
/* begin */
 1: #include "ruby.h"
 2: 
 3: /*top*/
 4: extern int t(void);
 5: int main(int argc, char **argv)
 6: {
 7:   if (argc > 1000000) {
 8:     int (* volatile tp)(void)=(int (*)(void))&t;
 9:     printf("%d", (*tp)());
10:   }
11: 
12:   return !!argv[argc];
13: }
14: extern void epoll_pwait2();
15: int t(void) { epoll_pwait2(); return 0; }
/* end */

--------------------

have_header: checking for ruby/io/buffer.h... -------------------- yes

LD_LIBRARY_PATH=.:/nix/store/p19biyk23slgqhqmfl7h7cc4c1rnl3ri-ruby-3.2.2/lib "gcc -I/nix/store/p19biyk23slgqhqmfl7h7cc4c1rnl3ri-ruby-3.2.2/include/ruby-3.2.0/x86_64-linux -I/nix/store/p19biyk23slgqhqmfl7h7cc4c1rnl3ri-ruby-3.2.2/include/ruby-3.2.0/ruby/backward -I/nix/store/p19biyk23slgqhqmfl7h7cc4c1rnl3ri-ruby-3.2.2/include/ruby-3.2.0 -I.    -O3 -fPIC -Wall -Wno-unknown-pragmas -std=c99   -c conftest.c"
checked program was:
/* begin */
1: #include "ruby.h"
2: 
3: #include <ruby/io/buffer.h>
/* end */

--------------------

extconf.h is:
/* begin */
 1: #ifndef EXTCONF_H
 2: #define EXTCONF_H
 3: #define HAVE_RB_EXT_RACTOR_SAFE 1
 4: #define HAVE__RB_FIBER_TRANSFER 1
 5: #define HAVE_SYS_EPOLL_H 1
 6: #define HAVE_SYS_EVENTFD_H 1
 7: #define HAVE_RB_IO_DESCRIPTOR 1
 8: #define HAVE_RB_FIBER_CURRENT 1
 9: #define HAVE__RB_FIBER_RAISE 1
10: #define HAVE_EPOLL_PWAIT2 1
11: #define HAVE_RUBY_IO_BUFFER_H 1
12: #endif
/* end */

